
> pixelbay@0.1.0 build
> next build --turbopack

   ▲ Next.js 15.5.7 (Turbopack)
   - Environments: .env.local, .env

   Creating an optimized production build ...
 ✓ Finished writing to disk in 116ms
 ✓ Compiled successfully in 12.9s
   Linting and checking validity of types ...
   Collecting page data ...
Database connected: true
Database connected: true
Database connected: true
Database connected: true
Database connected: true
Database connected: true
Database connected: true
Database connected: true
Database connected: true
Database connected: true
Database connected: true
Database connected: true
Database connected: true
   Generating static pages (0/32) ...
null
Database connected: true
Database connected: true
Database connected: true
TypeError: fetch failed
    at async b (D:\NextJSProjects\pixelbay\.next\server\chunks\ssr\[root-of-the-server]__6c3fa146._.js:1:93553)
    at async j (D:\NextJSProjects\pixelbay\.next\server\chunks\ssr\[root-of-the-server]__6c3fa146._.js:1:93837) {
  [cause]: [AggregateError: ] { code: 'ECONNREFUSED' }
}
Error occurred prerendering page "/home/Home". Read more: https://nextjs.org/docs/messages/prerender-error
TypeError: fetch failed
    at async b (D:\NextJSProjects\pixelbay\.next\server\chunks\ssr\[root-of-the-server]__6c3fa146._.js:1:93553)
    at async j (D:\NextJSProjects\pixelbay\.next\server\chunks\ssr\[root-of-the-server]__6c3fa146._.js:1:93837) {
  [cause]: [AggregateError: ] { code: 'ECONNREFUSED' }
}
Export encountered an error on /home/Home, exiting the build.
 ⨯ Next.js build worker exited with code: 1 and signal: null
