
> pixelbay@0.1.0 build
> next build --turbopack

   ▲ Next.js 15.5.7 (Turbopack)
   - Environments: .env.local, .env

   Creating an optimized production build ...
 ✓ Finished writing to disk in 95ms
 ✓ Compiled successfully in 13.6s
   Linting and checking validity of types ...
   Collecting page data ...
Database connected: true
Database connected: true
Database connected: true
Database connected: true
Database connected: true
Database connected: true
Database connected: true
Database connected: true
Database connected: true
Database connected: true
Database connected: true
Database connected: true
Database connected: true
Database connected: true
   Generating static pages (0/32) ...
null
Database connected: true
Database connected: true
Database connected: true
   Generating static pages (8/32) 
Database connected: true
   Generating static pages (16/32) 
   Generating static pages (24/32) 
 ⨯ useSearchParams() should be wrapped in a suspense boundary at page "/search". Read more: https://nextjs.org/docs/messages/missing-suspense-with-csr-bailout
    at g (D:\NextJSProjects\pixelbay\.next\server\chunks\ssr\dd0d4_next_dist_2a7ff85f._.js:4:5016)
    at m (D:\NextJSProjects\pixelbay\.next\server\chunks\ssr\dd0d4_next_dist_2a7ff85f._.js:4:6649)
    at l (D:\NextJSProjects\pixelbay\.next\server\chunks\ssr\_54d4c196._.js:1:8944)
    at n3 (D:\NextJSProjects\pixelbay\node_modules\.pnpm\next@15.5.7_react-dom@19.1.2_react@19.1.2__react@19.1.2\node_modules\next\dist\compiled\next-server\app-page-turbo.runtime.prod.js:2:82831)
    at n6 (D:\NextJSProjects\pixelbay\node_modules\.pnpm\next@15.5.7_react-dom@19.1.2_react@19.1.2__react@19.1.2\node_modules\next\dist\compiled\next-server\app-page-turbo.runtime.prod.js:2:84601)
    at n6 (D:\NextJSProjects\pixelbay\node_modules\.pnpm\next@15.5.7_react-dom@19.1.2_react@19.1.2__react@19.1.2\node_modules\next\dist\compiled\next-server\app-page-turbo.runtime.prod.js:2:101560)
    at n5 (D:\NextJSProjects\pixelbay\node_modules\.pnpm\next@15.5.7_react-dom@19.1.2_react@19.1.2__react@19.1.2\node_modules\next\dist\compiled\next-server\app-page-turbo.runtime.prod.js:2:104801)
    at n7 (D:\NextJSProjects\pixelbay\node_modules\.pnpm\next@15.5.7_react-dom@19.1.2_react@19.1.2__react@19.1.2\node_modules\next\dist\compiled\next-server\app-page-turbo.runtime.prod.js:2:102219)
    at aa (D:\NextJSProjects\pixelbay\node_modules\.pnpm\next@15.5.7_react-dom@19.1.2_react@19.1.2__react@19.1.2\node_modules\next\dist\compiled\next-server\app-page-turbo.runtime.prod.js:2:108211)
    at ae (D:\NextJSProjects\pixelbay\node_modules\.pnpm\next@15.5.7_react-dom@19.1.2_react@19.1.2__react@19.1.2\node_modules\next\dist\compiled\next-server\app-page-turbo.runtime.prod.js:2:106833)
Error occurred prerendering page "/search". Read more: https://nextjs.org/docs/messages/prerender-error
Export encountered an error on /(General)/search/page: /search, exiting the build.
 ⨯ Next.js build worker exited with code: 1 and signal: null
